IAD_1508/Examples/WatchFace/Application/build/outputs/logs/manifest-merger-debug-report.txt
-- Merging decision tree log ---
manifest
ADDED from src/main/AndroidManifest.xml:17:1-74:12
	package
		ADDED from src/main/AndroidManifest.xml:18:9-57
	xmlns:android
		ADDED from src/main/AndroidManifest.xml:17:11-69
uses-sdk
ADDED from src/main/AndroidManifest.xml:20:5-21:47
MERGED from [com.android.support:support-v4:22.1.0] AndroidManifest.xml:20:5-43
MERGED from [com.android.support:support-v13:22.1.0] AndroidManifest.xml:20:5-44
MERGED from [com.android.support:support-v4:22.1.0] AndroidManifest.xml:20:5-43
MERGED from [com.android.support:cardview-v7:21.0.2] AndroidManifest.xml:15:5-42
MERGED from [com.google.android.support:wearable:1.1.0] AndroidManifest.xml:6:5-8:41
MERGED from [com.android.support:support-v4:22.1.0] AndroidManifest.xml:20:5-43
MERGED from [com.android.support:recyclerview-v7:21.0.0] AndroidManifest.xml:15:5-42
MERGED from [com.android.support:support-v4:22.1.0] AndroidManifest.xml:20:5-43
MERGED from [com.google.android.gms:play-services-wearable:7.3.0] AndroidManifest.xml:18:5-42
MERGED from [com.google.android.gms:play-services-base:7.3.0] AndroidManifest.xml:18:5-42
MERGED from [com.android.support:support-v4:22.1.0] AndroidManifest.xml:20:5-43
MERGED from [com.android.support:support-v13:22.1.0] AndroidManifest.xml:20:5-44
MERGED from [com.android.support:support-v4:22.1.0] AndroidManifest.xml:20:5-43
	android:targetSdkVersion
		ADDED from src/main/AndroidManifest.xml:21:15-44
		INJECTED from src/main/AndroidManifest.xml
		INJECTED from src/main/AndroidManifest.xml
	android:minSdkVersion
		ADDED from src/main/AndroidManifest.xml:20:15-41
		INJECTED from src/main/AndroidManifest.xml
		INJECTED from src/main/AndroidManifest.xml
uses-permission#com.google.android.permission.PROVIDE_BACKGROUND
ADDED from src/main/AndroidManifest.xml:24:5-88
	android:name
		ADDED from src/main/AndroidManifest.xml:24:22-85
uses-permission#android.permission.WAKE_LOCK
ADDED from src/main/AndroidManifest.xml:25:5-68
	android:name
		ADDED from src/main/AndroidManifest.xml:25:22-65
uses-permission#android.permission.READ_CALENDAR
ADDED from src/main/AndroidManifest.xml:26:5-72
	android:name
		ADDED from src/main/AndroidManifest.xml:26:22-69
application
ADDED from src/main/AndroidManifest.xml:31:5-72:19
MERGED from [com.android.support:support-v4:22.1.0] AndroidManifest.xml:22:5-20
MERGED from [com.android.support:support-v13:22.1.0] AndroidManifest.xml:22:5-20
MERGED from [com.android.support:support-v4:22.1.0] AndroidManifest.xml:22:5-20
MERGED from [com.android.support:cardview-v7:21.0.2] AndroidManifest.xml:16:5-19
MERGED from [com.google.android.support:wearable:1.1.0] AndroidManifest.xml:10:5-20
MERGED from [com.android.support:support-v4:22.1.0] AndroidManifest.xml:22:5-20
MERGED from [com.android.support:recyclerview-v7:21.0.0] AndroidManifest.xml:17:5-19:19
MERGED from [com.android.support:support-v4:22.1.0] AndroidManifest.xml:22:5-20
MERGED from [com.google.android.gms:play-services-wearable:7.3.0] AndroidManifest.xml:19:5-20
MERGED from [com.google.android.gms:play-services-base:7.3.0] AndroidManifest.xml:20:5-24:19
MERGED from [com.android.support:support-v4:22.1.0] AndroidManifest.xml:22:5-20
MERGED from [com.android.support:support-v13:22.1.0] AndroidManifest.xml:22:5-20
MERGED from [com.android.support:support-v4:22.1.0] AndroidManifest.xml:22:5-20
	android:label
		ADDED from src/main/AndroidManifest.xml:34:13-45
	android:allowBackup
		ADDED from src/main/AndroidManifest.xml:32:13-39
	android:icon
		ADDED from src/main/AndroidManifest.xml:33:13-49
	android:theme
		ADDED from src/main/AndroidManifest.xml:35:13-44
activity#com.example.android.wearable.watchface.AnalogAndCardBoundsWatchFaceConfigActivity
ADDED from src/main/AndroidManifest.xml:37:9-46:20
	android:label
		ADDED from src/main/AndroidManifest.xml:39:17-49
	android:name
		ADDED from src/main/AndroidManifest.xml:38:17-75
intent-filter#android.intent.category.DEFAULT+com.example.android.wearable.watchface.CONFIG_ANALOG+com.example.android.wearable.watchface.CONFIG_CARD_BOUNDS+com.google.android.wearable.watchface.category.COMPANION_CONFIGURATION
ADDED from src/main/AndroidManifest.xml:40:13-45:29
action#com.example.android.wearable.watchface.CONFIG_ANALOG
ADDED from src/main/AndroidManifest.xml:41:17-95
	android:name
		ADDED from src/main/AndroidManifest.xml:41:25-92
action#com.example.android.wearable.watchface.CONFIG_CARD_BOUNDS
ADDED from src/main/AndroidManifest.xml:42:17-100
	android:name
		ADDED from src/main/AndroidManifest.xml:42:25-97
category#com.google.android.wearable.watchface.category.COMPANION_CONFIGURATION
ADDED from src/main/AndroidManifest.xml:43:17-115
	android:name
		ADDED from src/main/AndroidManifest.xml:43:27-112
category#android.intent.category.DEFAULT
ADDED from src/main/AndroidManifest.xml:44:17-76
	android:name
		ADDED from src/main/AndroidManifest.xml:44:27-73
activity#com.example.android.wearable.watchface.DigitalWatchFaceCompanionConfigActivity
ADDED from src/main/AndroidManifest.xml:48:9-56:20
	android:label
		ADDED from src/main/AndroidManifest.xml:50:17-49
	android:name
		ADDED from src/main/AndroidManifest.xml:49:17-72
intent-filter#android.intent.category.DEFAULT+com.example.android.wearable.watchface.CONFIG_DIGITAL+com.google.android.wearable.watchface.category.COMPANION_CONFIGURATION
ADDED from src/main/AndroidManifest.xml:51:13-55:29
action#com.example.android.wearable.watchface.CONFIG_DIGITAL
ADDED from src/main/AndroidManifest.xml:52:17-96
	android:name
		ADDED from src/main/AndroidManifest.xml:52:25-93
activity#com.example.android.wearable.watchface.TiltWatchFaceConfigActivity
ADDED from src/main/AndroidManifest.xml:58:9-66:20
	android:label
		ADDED from src/main/AndroidManifest.xml:60:17-49
	android:name
		ADDED from src/main/AndroidManifest.xml:59:17-60
intent-filter#android.intent.category.DEFAULT+com.example.android.wearable.watchface.CONFIG_TILT+com.google.android.wearable.watchface.category.COMPANION_CONFIGURATION
ADDED from src/main/AndroidManifest.xml:61:13-65:29
action#com.example.android.wearable.watchface.CONFIG_TILT
ADDED from src/main/AndroidManifest.xml:62:17-93
	android:name
		ADDED from src/main/AndroidManifest.xml:62:25-90
meta-data#com.google.android.gms.version
ADDED from src/main/AndroidManifest.xml:68:9-70:73
MERGED from [com.google.android.gms:play-services-base:7.3.0] AndroidManifest.xml:21:9-23:69
	android:value
		ADDED from src/main/AndroidManifest.xml:70:17-70
	android:name
		ADDED from src/main/AndroidManifest.xml:69:17-62
activity#android.support.v7.widget.TestActivity
ADDED from [com.android.support:recyclerview-v7:21.0.0] AndroidManifest.xml:18:9-115
	android:label
		ADDED from [com.android.support:recyclerview-v7:21.0.0] AndroidManifest.xml:18:19-59
	android:name
		ADDED from [com.android.support:recyclerview-v7:21.0.0] AndroidManifest.xml:18:60-113